[2024-12-18T09:58:06.553+0000] {local_task_job_runner.py:123} INFO - ::group::Pre task execution logs
[2024-12-18T09:58:06.572+0000] {taskinstance.py:2613} INFO - Dependencies all met for dep_context=non-requeueable deps ti=<TaskInstance: example_sensor_decorator.dummy_operator manual__2024-12-18T09:57:54.027496+00:00 [queued]>
[2024-12-18T09:58:06.581+0000] {taskinstance.py:2613} INFO - Dependencies all met for dep_context=requeueable deps ti=<TaskInstance: example_sensor_decorator.dummy_operator manual__2024-12-18T09:57:54.027496+00:00 [queued]>
[2024-12-18T09:58:06.583+0000] {taskinstance.py:2866} INFO - Starting attempt 1 of 1
[2024-12-18T09:58:06.598+0000] {taskinstance.py:2889} INFO - Executing <Task(_PythonDecoratedOperator): dummy_operator> on 2024-12-18 09:57:54.027496+00:00
[2024-12-18T09:58:06.607+0000] {warnings.py:112} WARNING - /home/***/.local/lib/python3.12/site-packages/***/task/task_runner/standard_task_runner.py:70: DeprecationWarning: This process (pid=6523) is multi-threaded, use of fork() may lead to deadlocks in the child.
  pid = os.fork()

[2024-12-18T09:58:06.609+0000] {standard_task_runner.py:72} INFO - Started process 6525 to run task
[2024-12-18T09:58:06.609+0000] {standard_task_runner.py:104} INFO - Running: ['***', 'tasks', 'run', 'example_sensor_decorator', 'dummy_operator', 'manual__2024-12-18T09:57:54.027496+00:00', '--job-id', '4', '--raw', '--subdir', '/home/***/.local/lib/python3.12/site-packages/***/example_dags/example_sensor_decorator.py', '--cfg-path', '/tmp/tmprr_bi7g8']
[2024-12-18T09:58:06.610+0000] {standard_task_runner.py:105} INFO - Job 4: Subtask dummy_operator
[2024-12-18T09:58:06.649+0000] {task_command.py:467} INFO - Running <TaskInstance: example_sensor_decorator.dummy_operator manual__2024-12-18T09:57:54.027496+00:00 [running]> on host 2cea8662cb5c
[2024-12-18T09:58:06.716+0000] {taskinstance.py:3132} INFO - Exporting env vars: AIRFLOW_CTX_DAG_OWNER='***' AIRFLOW_CTX_DAG_ID='example_sensor_decorator' AIRFLOW_CTX_TASK_ID='dummy_operator' AIRFLOW_CTX_EXECUTION_DATE='2024-12-18T09:57:54.027496+00:00' AIRFLOW_CTX_TRY_NUMBER='1' AIRFLOW_CTX_DAG_RUN_ID='manual__2024-12-18T09:57:54.027496+00:00'
[2024-12-18T09:58:06.718+0000] {logging_mixin.py:190} INFO - Task instance is in running state
[2024-12-18T09:58:06.719+0000] {logging_mixin.py:190} INFO -  Previous state of the Task instance: queued
[2024-12-18T09:58:06.719+0000] {logging_mixin.py:190} INFO - Current task name:dummy_operator state:running start_date:2024-12-18 09:58:06.572781+00:00
[2024-12-18T09:58:06.719+0000] {logging_mixin.py:190} INFO - Dag name:example_sensor_decorator and current dag run status:running
[2024-12-18T09:58:06.720+0000] {taskinstance.py:731} INFO - ::endgroup::
[2024-12-18T09:58:06.720+0000] {python.py:240} INFO - Done. Returned value was: None
[2024-12-18T09:58:06.730+0000] {taskinstance.py:340} INFO - ::group::Post task execution logs
[2024-12-18T09:58:06.731+0000] {taskinstance.py:352} INFO - Marking task as SUCCESS. dag_id=example_sensor_decorator, task_id=dummy_operator, run_id=manual__2024-12-18T09:57:54.027496+00:00, execution_date=20241218T095754, start_date=20241218T095806, end_date=20241218T095806
[2024-12-18T09:58:06.741+0000] {logging_mixin.py:190} INFO - Task instance in success state
[2024-12-18T09:58:06.742+0000] {logging_mixin.py:190} INFO -  Previous state of the Task instance: running
[2024-12-18T09:58:06.742+0000] {logging_mixin.py:190} INFO - Dag name:example_sensor_decorator queued_at:2024-12-18 09:57:54.080390+00:00
[2024-12-18T09:58:06.743+0000] {logging_mixin.py:190} INFO - Task hostname:2cea8662cb5c operator:_PythonDecoratedOperator
[2024-12-18T09:58:06.784+0000] {local_task_job_runner.py:266} INFO - Task exited with return code 0
[2024-12-18T09:58:06.799+0000] {taskinstance.py:3895} INFO - 0 downstream tasks scheduled from follow-on schedule check
[2024-12-18T09:58:06.802+0000] {local_task_job_runner.py:245} INFO - ::endgroup::
