[2024-12-18T09:58:03.559+0000] {local_task_job_runner.py:123} INFO - ::group::Pre task execution logs
[2024-12-18T09:58:03.575+0000] {taskinstance.py:2613} INFO - Dependencies all met for dep_context=non-requeueable deps ti=<TaskInstance: example_sensor_decorator.wait_for_upstream manual__2024-12-18T09:57:54.027496+00:00 [queued]>
[2024-12-18T09:58:03.582+0000] {taskinstance.py:2613} INFO - Dependencies all met for dep_context=requeueable deps ti=<TaskInstance: example_sensor_decorator.wait_for_upstream manual__2024-12-18T09:57:54.027496+00:00 [queued]>
[2024-12-18T09:58:03.584+0000] {taskinstance.py:2866} INFO - Starting attempt 1 of 1
[2024-12-18T09:58:03.598+0000] {taskinstance.py:2889} INFO - Executing <Task(DecoratedSensorOperator): wait_for_upstream> on 2024-12-18 09:57:54.027496+00:00
[2024-12-18T09:58:03.617+0000] {warnings.py:112} WARNING - /home/***/.local/lib/python3.12/site-packages/***/task/task_runner/standard_task_runner.py:70: DeprecationWarning: This process (pid=6519) is multi-threaded, use of fork() may lead to deadlocks in the child.
  pid = os.fork()

[2024-12-18T09:58:03.619+0000] {standard_task_runner.py:72} INFO - Started process 6521 to run task
[2024-12-18T09:58:03.620+0000] {standard_task_runner.py:104} INFO - Running: ['***', 'tasks', 'run', 'example_sensor_decorator', 'wait_for_upstream', 'manual__2024-12-18T09:57:54.027496+00:00', '--job-id', '3', '--raw', '--subdir', '/home/***/.local/lib/python3.12/site-packages/***/example_dags/example_sensor_decorator.py', '--cfg-path', '/tmp/tmp5y78jt6s']
[2024-12-18T09:58:03.621+0000] {standard_task_runner.py:105} INFO - Job 3: Subtask wait_for_upstream
[2024-12-18T09:58:03.686+0000] {task_command.py:467} INFO - Running <TaskInstance: example_sensor_decorator.wait_for_upstream manual__2024-12-18T09:57:54.027496+00:00 [running]> on host 2cea8662cb5c
[2024-12-18T09:58:04.016+0000] {taskinstance.py:3132} INFO - Exporting env vars: AIRFLOW_CTX_DAG_OWNER='***' AIRFLOW_CTX_DAG_ID='example_sensor_decorator' AIRFLOW_CTX_TASK_ID='wait_for_upstream' AIRFLOW_CTX_EXECUTION_DATE='2024-12-18T09:57:54.027496+00:00' AIRFLOW_CTX_TRY_NUMBER='1' AIRFLOW_CTX_DAG_RUN_ID='manual__2024-12-18T09:57:54.027496+00:00'
[2024-12-18T09:58:04.017+0000] {logging_mixin.py:190} INFO - Task instance is in running state
[2024-12-18T09:58:04.018+0000] {logging_mixin.py:190} INFO -  Previous state of the Task instance: queued
[2024-12-18T09:58:04.019+0000] {logging_mixin.py:190} INFO - Current task name:wait_for_upstream state:running start_date:2024-12-18 09:58:03.575696+00:00
[2024-12-18T09:58:04.020+0000] {logging_mixin.py:190} INFO - Dag name:example_sensor_decorator and current dag run status:running
[2024-12-18T09:58:04.020+0000] {taskinstance.py:731} INFO - ::endgroup::
[2024-12-18T09:58:04.032+0000] {python.py:75} INFO - Poking callable: <function example_sensor_decorator.<locals>.wait_for_upstream at 0x7eff45db6e80>
[2024-12-18T09:58:04.033+0000] {base.py:336} INFO - Success criteria met. Exiting.
[2024-12-18T09:58:04.060+0000] {taskinstance.py:340} INFO - ::group::Post task execution logs
[2024-12-18T09:58:04.061+0000] {taskinstance.py:352} INFO - Marking task as SUCCESS. dag_id=example_sensor_decorator, task_id=wait_for_upstream, run_id=manual__2024-12-18T09:57:54.027496+00:00, execution_date=20241218T095754, start_date=20241218T095803, end_date=20241218T095804
[2024-12-18T09:58:04.083+0000] {logging_mixin.py:190} INFO - Task instance in success state
[2024-12-18T09:58:04.084+0000] {logging_mixin.py:190} INFO -  Previous state of the Task instance: running
[2024-12-18T09:58:04.085+0000] {logging_mixin.py:190} INFO - Dag name:example_sensor_decorator queued_at:2024-12-18 09:57:54.080390+00:00
[2024-12-18T09:58:04.086+0000] {logging_mixin.py:190} INFO - Task hostname:2cea8662cb5c operator:DecoratedSensorOperator
[2024-12-18T09:58:04.117+0000] {local_task_job_runner.py:266} INFO - Task exited with return code 0
[2024-12-18T09:58:04.143+0000] {taskinstance.py:3895} INFO - 1 downstream tasks scheduled from follow-on schedule check
[2024-12-18T09:58:04.146+0000] {local_task_job_runner.py:245} INFO - ::endgroup::
